This file contains any messages produced by compilers while
running configure, to aid debugging if configure makes a mistake.

It was created by iris configure 0.1, which was
generated by GNU Autoconf 2.61.  Invocation command line was

  $ ./configure 

## --------- ##
## Platform. ##
## --------- ##

hostname = scatter
uname -m = i686
uname -r = 2.6.28-18-generic
uname -s = Linux
uname -v = #60-Ubuntu SMP Fri Mar 12 04:40:52 UTC 2010

/usr/bin/uname -p = unknown
/bin/uname -X     = unknown

/bin/arch              = unknown
/usr/bin/arch -k       = unknown
/usr/convex/getsysinfo = unknown
/usr/bin/hostinfo      = unknown
/bin/machine           = unknown
/usr/bin/oslevel       = unknown
/bin/universe          = unknown

PATH: /home/mitch/bin
PATH: /usr/local/sbin
PATH: /usr/local/bin
PATH: /usr/sbin
PATH: /usr/bin
PATH: /sbin
PATH: /bin
PATH: /usr/games


## ----------- ##
## Core tests. ##
## ----------- ##

configure:1785: checking for a BSD-compatible install
configure:1841: result: /usr/bin/install -c
configure:1852: checking whether build environment is sane
configure:1895: result: yes
configure:1923: checking for a thread-safe mkdir -p
configure:1962: result: /bin/mkdir -p
configure:1975: checking for gawk
configure:1991: found /usr/bin/gawk
configure:2002: result: gawk
configure:2013: checking whether make sets $(MAKE)
configure:2034: result: yes
configure:2276: checking for g++
configure:2292: found /usr/bin/g++
configure:2303: result: g++
configure:2334: checking for C++ compiler version
configure:2341: g++ --version >&5
g++ (Ubuntu 4.3.3-5ubuntu4) 4.3.3
Copyright (C) 2008 Free Software Foundation, Inc.
This is free software; see the source for copying conditions.  There is NO
warranty; not even for MERCHANTABILITY or FITNESS FOR A PARTICULAR PURPOSE.

configure:2344: $? = 0
configure:2351: g++ -v >&5
Using built-in specs.
Target: i486-linux-gnu
Configured with: ../src/configure -v --with-pkgversion='Ubuntu 4.3.3-5ubuntu4' --with-bugurl=file:///usr/share/doc/gcc-4.3/README.Bugs --enable-languages=c,c++,fortran,objc,obj-c++ --prefix=/usr --enable-shared --with-system-zlib --libexecdir=/usr/lib --without-included-gettext --enable-threads=posix --enable-nls --with-gxx-include-dir=/usr/include/c++/4.3 --program-suffix=-4.3 --enable-clocale=gnu --enable-libstdcxx-debug --enable-objc-gc --enable-mpfr --enable-targets=all --with-tune=generic --enable-checking=release --build=i486-linux-gnu --host=i486-linux-gnu --target=i486-linux-gnu
Thread model: posix
gcc version 4.3.3 (Ubuntu 4.3.3-5ubuntu4) 
configure:2354: $? = 0
configure:2361: g++ -V >&5
g++: '-V' option must have argument
configure:2364: $? = 1
configure:2387: checking for C++ compiler default output file name
configure:2414: g++    conftest.cpp  >&5
configure:2417: $? = 0
configure:2455: result: a.out
configure:2472: checking whether the C++ compiler works
configure:2482: ./a.out
configure:2485: $? = 0
configure:2502: result: yes
configure:2509: checking whether we are cross compiling
configure:2511: result: no
configure:2514: checking for suffix of executables
configure:2521: g++ -o conftest    conftest.cpp  >&5
configure:2524: $? = 0
configure:2548: result: 
configure:2554: checking for suffix of object files
configure:2580: g++ -c   conftest.cpp >&5
configure:2583: $? = 0
configure:2606: result: o
configure:2610: checking whether we are using the GNU C++ compiler
configure:2639: g++ -c   conftest.cpp >&5
configure:2645: $? = 0
configure:2662: result: yes
configure:2667: checking whether g++ accepts -g
configure:2697: g++ -c -g  conftest.cpp >&5
configure:2703: $? = 0
configure:2802: result: yes
configure:2836: checking for style of include used by make
configure:2864: result: GNU
configure:2889: checking dependency style of g++
configure:2980: result: gcc3
configure:3043: checking for gcc
configure:3059: found /usr/bin/gcc
configure:3070: result: gcc
configure:3308: checking for C compiler version
configure:3315: gcc --version >&5
gcc (Ubuntu 4.3.3-5ubuntu4) 4.3.3
Copyright (C) 2008 Free Software Foundation, Inc.
This is free software; see the source for copying conditions.  There is NO
warranty; not even for MERCHANTABILITY or FITNESS FOR A PARTICULAR PURPOSE.

configure:3318: $? = 0
configure:3325: gcc -v >&5
Using built-in specs.
Target: i486-linux-gnu
Configured with: ../src/configure -v --with-pkgversion='Ubuntu 4.3.3-5ubuntu4' --with-bugurl=file:///usr/share/doc/gcc-4.3/README.Bugs --enable-languages=c,c++,fortran,objc,obj-c++ --prefix=/usr --enable-shared --with-system-zlib --libexecdir=/usr/lib --without-included-gettext --enable-threads=posix --enable-nls --with-gxx-include-dir=/usr/include/c++/4.3 --program-suffix=-4.3 --enable-clocale=gnu --enable-libstdcxx-debug --enable-objc-gc --enable-mpfr --enable-targets=all --with-tune=generic --enable-checking=release --build=i486-linux-gnu --host=i486-linux-gnu --target=i486-linux-gnu
Thread model: posix
gcc version 4.3.3 (Ubuntu 4.3.3-5ubuntu4) 
configure:3328: $? = 0
configure:3335: gcc -V >&5
gcc: '-V' option must have argument
configure:3338: $? = 1
configure:3341: checking whether we are using the GNU C compiler
configure:3370: gcc -c   conftest.c >&5
configure:3376: $? = 0
configure:3393: result: yes
configure:3398: checking whether gcc accepts -g
configure:3428: gcc -c -g  conftest.c >&5
configure:3434: $? = 0
configure:3533: result: yes
configure:3550: checking for gcc option to accept ISO C89
configure:3624: gcc  -c -g -O2  conftest.c >&5
configure:3630: $? = 0
configure:3653: result: none needed
configure:3673: checking dependency style of gcc
configure:3764: result: gcc3
configure:3792: checking for a BSD-compatible install
configure:3848: result: /usr/bin/install -c
configure:3863: checking for gawk
configure:3890: result: gawk
configure:3906: checking how to run the C preprocessor
configure:3946: gcc -E  conftest.c
configure:3952: $? = 0
configure:3983: gcc -E  conftest.c
conftest.c:8:28: error: ac_nonexistent.h: No such file or directory
configure:3989: $? = 1
configure: failed program was:
| /* confdefs.h.  */
| #define PACKAGE_NAME "iris"
| #define PACKAGE_TARNAME "iris"
| #define PACKAGE_VERSION "0.1"
| #define PACKAGE_STRING "iris 0.1"
| #define PACKAGE_BUGREPORT "mitchelle dot rasquinha at gatech.edu"
| /* end confdefs.h.  */
| #include <ac_nonexistent.h>
configure:4022: result: gcc -E
configure:4051: gcc -E  conftest.c
configure:4057: $? = 0
configure:4088: gcc -E  conftest.c
conftest.c:8:28: error: ac_nonexistent.h: No such file or directory
configure:4094: $? = 1
configure: failed program was:
| /* confdefs.h.  */
| #define PACKAGE_NAME "iris"
| #define PACKAGE_TARNAME "iris"
| #define PACKAGE_VERSION "0.1"
| #define PACKAGE_STRING "iris 0.1"
| #define PACKAGE_BUGREPORT "mitchelle dot rasquinha at gatech.edu"
| /* end confdefs.h.  */
| #include <ac_nonexistent.h>
configure:4131: checking for a thread-safe mkdir -p
configure:4170: result: /bin/mkdir -p
configure:4216: checking for ranlib
configure:4232: found /usr/bin/ranlib
configure:4243: result: ranlib
configure:4275: checking for grep that handles long lines and -e
configure:4349: result: /bin/grep
configure:4354: checking for egrep
configure:4432: result: /bin/grep -E
configure:4437: checking for ANSI C header files
configure:4467: gcc -c -g -O2  conftest.c >&5
configure:4473: $? = 0
configure:4572: gcc -o conftest -g -O2   conftest.c  >&5
configure:4575: $? = 0
configure:4581: ./conftest
configure:4584: $? = 0
configure:4601: result: yes
configure:4625: checking for sys/types.h
configure:4646: gcc -c -g -O2  conftest.c >&5
configure:4652: $? = 0
configure:4668: result: yes
configure:4625: checking for sys/stat.h
configure:4646: gcc -c -g -O2  conftest.c >&5
configure:4652: $? = 0
configure:4668: result: yes
configure:4625: checking for stdlib.h
configure:4646: gcc -c -g -O2  conftest.c >&5
configure:4652: $? = 0
configure:4668: result: yes
configure:4625: checking for string.h
configure:4646: gcc -c -g -O2  conftest.c >&5
configure:4652: $? = 0
configure:4668: result: yes
configure:4625: checking for memory.h
configure:4646: gcc -c -g -O2  conftest.c >&5
configure:4652: $? = 0
configure:4668: result: yes
configure:4625: checking for strings.h
configure:4646: gcc -c -g -O2  conftest.c >&5
configure:4652: $? = 0
configure:4668: result: yes
configure:4625: checking for inttypes.h
configure:4646: gcc -c -g -O2  conftest.c >&5
configure:4652: $? = 0
configure:4668: result: yes
configure:4625: checking for stdint.h
configure:4646: gcc -c -g -O2  conftest.c >&5
configure:4652: $? = 0
configure:4668: result: yes
configure:4625: checking for unistd.h
configure:4646: gcc -c -g -O2  conftest.c >&5
configure:4652: $? = 0
configure:4668: result: yes
configure:4698: checking fcntl.h usability
configure:4715: gcc -c -g -O2  conftest.c >&5
configure:4721: $? = 0
configure:4735: result: yes
configure:4739: checking fcntl.h presence
configure:4754: gcc -E  conftest.c
configure:4760: $? = 0
configure:4774: result: yes
configure:4807: checking for fcntl.h
configure:4815: result: yes
configure:4688: checking for stdlib.h
configure:4694: result: yes
configure:4698: checking sys/time.h usability
configure:4715: gcc -c -g -O2  conftest.c >&5
configure:4721: $? = 0
configure:4735: result: yes
configure:4739: checking sys/time.h presence
configure:4754: gcc -E  conftest.c
configure:4760: $? = 0
configure:4774: result: yes
configure:4807: checking for sys/time.h
configure:4815: result: yes
configure:4688: checking for unistd.h
configure:4694: result: yes
configure:4830: checking for stdbool.h that conforms to C99
configure:4923: gcc -c -g -O2  conftest.c >&5
configure:4929: $? = 0
configure:4944: result: yes
configure:4946: checking for _Bool
configure:4976: gcc -c -g -O2  conftest.c >&5
configure:4982: $? = 0
configure:4997: result: yes
configure:5016: checking for inline
configure:5042: gcc -c -g -O2  conftest.c >&5
configure:5048: $? = 0
configure:5066: result: inline
configure:5085: checking for size_t
configure:5115: gcc -c -g -O2  conftest.c >&5
configure:5121: $? = 0
configure:5136: result: yes
configure:5149: checking for uint64_t
configure:5180: gcc -c -g -O2  conftest.c >&5
configure:5186: $? = 0
configure:5207: result: yes
configure:5233: checking for floor
configure:5289: gcc -o conftest -g -O2   conftest.c  >&5
conftest.c:47: warning: conflicting types for built-in function 'floor'
/tmp/ccwtDVwM.o: In function `main':
/home/mitch/iris/conftest.c:58: undefined reference to `floor'
collect2: ld returned 1 exit status
configure:5295: $? = 1
configure: failed program was:
| /* confdefs.h.  */
| #define PACKAGE_NAME "iris"
| #define PACKAGE_TARNAME "iris"
| #define PACKAGE_VERSION "0.1"
| #define PACKAGE_STRING "iris 0.1"
| #define PACKAGE_BUGREPORT "mitchelle dot rasquinha at gatech.edu"
| #define STDC_HEADERS 1
| #define HAVE_SYS_TYPES_H 1
| #define HAVE_SYS_STAT_H 1
| #define HAVE_STDLIB_H 1
| #define HAVE_STRING_H 1
| #define HAVE_MEMORY_H 1
| #define HAVE_STRINGS_H 1
| #define HAVE_INTTYPES_H 1
| #define HAVE_STDINT_H 1
| #define HAVE_UNISTD_H 1
| #define HAVE_FCNTL_H 1
| #define HAVE_STDLIB_H 1
| #define HAVE_SYS_TIME_H 1
| #define HAVE_UNISTD_H 1
| #define HAVE__BOOL 1
| #define HAVE_STDBOOL_H 1
| /* end confdefs.h.  */
| /* Define floor to an innocuous variant, in case <limits.h> declares floor.
|    For example, HP-UX 11i <limits.h> declares gettimeofday.  */
| #define floor innocuous_floor
| 
| /* System header to define __stub macros and hopefully few prototypes,
|     which can conflict with char floor (); below.
|     Prefer <limits.h> to <assert.h> if __STDC__ is defined, since
|     <limits.h> exists even on freestanding compilers.  */
| 
| #ifdef __STDC__
| # include <limits.h>
| #else
| # include <assert.h>
| #endif
| 
| #undef floor
| 
| /* Override any GCC internal prototype to avoid an error.
|    Use char because int might match the return type of a GCC
|    builtin and then its argument prototype would still apply.  */
| #ifdef __cplusplus
| extern "C"
| #endif
| char floor ();
| /* The GNU C library defines this for functions which it implements
|     to always fail with ENOSYS.  Some functions are actually named
|     something starting with __ and the normal name is an alias.  */
| #if defined __stub_floor || defined __stub___floor
| choke me
| #endif
| 
| int
| main ()
| {
| return floor ();
|   ;
|   return 0;
| }
configure:5313: result: no
configure:5233: checking for gettimeofday
configure:5289: gcc -o conftest -g -O2   conftest.c  >&5
configure:5295: $? = 0
configure:5313: result: yes
configure:5233: checking for pow
configure:5289: gcc -o conftest -g -O2   conftest.c  >&5
conftest.c:48: warning: conflicting types for built-in function 'pow'
/tmp/cc8utRiV.o: In function `main':
/home/mitch/iris/conftest.c:59: undefined reference to `pow'
collect2: ld returned 1 exit status
configure:5295: $? = 1
configure: failed program was:
| /* confdefs.h.  */
| #define PACKAGE_NAME "iris"
| #define PACKAGE_TARNAME "iris"
| #define PACKAGE_VERSION "0.1"
| #define PACKAGE_STRING "iris 0.1"
| #define PACKAGE_BUGREPORT "mitchelle dot rasquinha at gatech.edu"
| #define STDC_HEADERS 1
| #define HAVE_SYS_TYPES_H 1
| #define HAVE_SYS_STAT_H 1
| #define HAVE_STDLIB_H 1
| #define HAVE_STRING_H 1
| #define HAVE_MEMORY_H 1
| #define HAVE_STRINGS_H 1
| #define HAVE_INTTYPES_H 1
| #define HAVE_STDINT_H 1
| #define HAVE_UNISTD_H 1
| #define HAVE_FCNTL_H 1
| #define HAVE_STDLIB_H 1
| #define HAVE_SYS_TIME_H 1
| #define HAVE_UNISTD_H 1
| #define HAVE__BOOL 1
| #define HAVE_STDBOOL_H 1
| #define HAVE_GETTIMEOFDAY 1
| /* end confdefs.h.  */
| /* Define pow to an innocuous variant, in case <limits.h> declares pow.
|    For example, HP-UX 11i <limits.h> declares gettimeofday.  */
| #define pow innocuous_pow
| 
| /* System header to define __stub macros and hopefully few prototypes,
|     which can conflict with char pow (); below.
|     Prefer <limits.h> to <assert.h> if __STDC__ is defined, since
|     <limits.h> exists even on freestanding compilers.  */
| 
| #ifdef __STDC__
| # include <limits.h>
| #else
| # include <assert.h>
| #endif
| 
| #undef pow
| 
| /* Override any GCC internal prototype to avoid an error.
|    Use char because int might match the return type of a GCC
|    builtin and then its argument prototype would still apply.  */
| #ifdef __cplusplus
| extern "C"
| #endif
| char pow ();
| /* The GNU C library defines this for functions which it implements
|     to always fail with ENOSYS.  Some functions are actually named
|     something starting with __ and the normal name is an alias.  */
| #if defined __stub_pow || defined __stub___pow
| choke me
| #endif
| 
| int
| main ()
| {
| return pow ();
|   ;
|   return 0;
| }
configure:5313: result: no
configure:5233: checking for sqrt
configure:5289: gcc -o conftest -g -O2   conftest.c  >&5
conftest.c:48: warning: conflicting types for built-in function 'sqrt'
/tmp/ccWTDY82.o: In function `main':
/home/mitch/iris/conftest.c:59: undefined reference to `sqrt'
collect2: ld returned 1 exit status
configure:5295: $? = 1
configure: failed program was:
| /* confdefs.h.  */
| #define PACKAGE_NAME "iris"
| #define PACKAGE_TARNAME "iris"
| #define PACKAGE_VERSION "0.1"
| #define PACKAGE_STRING "iris 0.1"
| #define PACKAGE_BUGREPORT "mitchelle dot rasquinha at gatech.edu"
| #define STDC_HEADERS 1
| #define HAVE_SYS_TYPES_H 1
| #define HAVE_SYS_STAT_H 1
| #define HAVE_STDLIB_H 1
| #define HAVE_STRING_H 1
| #define HAVE_MEMORY_H 1
| #define HAVE_STRINGS_H 1
| #define HAVE_INTTYPES_H 1
| #define HAVE_STDINT_H 1
| #define HAVE_UNISTD_H 1
| #define HAVE_FCNTL_H 1
| #define HAVE_STDLIB_H 1
| #define HAVE_SYS_TIME_H 1
| #define HAVE_UNISTD_H 1
| #define HAVE__BOOL 1
| #define HAVE_STDBOOL_H 1
| #define HAVE_GETTIMEOFDAY 1
| /* end confdefs.h.  */
| /* Define sqrt to an innocuous variant, in case <limits.h> declares sqrt.
|    For example, HP-UX 11i <limits.h> declares gettimeofday.  */
| #define sqrt innocuous_sqrt
| 
| /* System header to define __stub macros and hopefully few prototypes,
|     which can conflict with char sqrt (); below.
|     Prefer <limits.h> to <assert.h> if __STDC__ is defined, since
|     <limits.h> exists even on freestanding compilers.  */
| 
| #ifdef __STDC__
| # include <limits.h>
| #else
| # include <assert.h>
| #endif
| 
| #undef sqrt
| 
| /* Override any GCC internal prototype to avoid an error.
|    Use char because int might match the return type of a GCC
|    builtin and then its argument prototype would still apply.  */
| #ifdef __cplusplus
| extern "C"
| #endif
| char sqrt ();
| /* The GNU C library defines this for functions which it implements
|     to always fail with ENOSYS.  Some functions are actually named
|     something starting with __ and the normal name is an alias.  */
| #if defined __stub_sqrt || defined __stub___sqrt
| choke me
| #endif
| 
| int
| main ()
| {
| return sqrt ();
|   ;
|   return 0;
| }
configure:5313: result: no
configure:5447: creating ./config.status

## ---------------------- ##
## Running config.status. ##
## ---------------------- ##

This file was extended by iris config.status 0.1, which was
generated by GNU Autoconf 2.61.  Invocation command line was

  CONFIG_FILES    = 
  CONFIG_HEADERS  = 
  CONFIG_LINKS    = 
  CONFIG_COMMANDS = 
  $ ./config.status 

on scatter

config.status:642: creating Makefile
config.status:642: creating config.h
config.status:873: config.h is unchanged
config.status:920: executing depfiles commands

## ---------------- ##
## Cache variables. ##
## ---------------- ##

ac_cv_c_compiler_gnu=yes
ac_cv_c_inline=inline
ac_cv_c_uint64_t=yes
ac_cv_cxx_compiler_gnu=yes
ac_cv_env_CCC_set=
ac_cv_env_CCC_value=
ac_cv_env_CC_set=
ac_cv_env_CC_value=
ac_cv_env_CFLAGS_set=
ac_cv_env_CFLAGS_value=
ac_cv_env_CPPFLAGS_set=
ac_cv_env_CPPFLAGS_value=
ac_cv_env_CPP_set=
ac_cv_env_CPP_value=
ac_cv_env_CXXFLAGS_set=
ac_cv_env_CXXFLAGS_value=
ac_cv_env_CXX_set=
ac_cv_env_CXX_value=
ac_cv_env_LDFLAGS_set=
ac_cv_env_LDFLAGS_value=
ac_cv_env_LIBS_set=
ac_cv_env_LIBS_value=
ac_cv_env_build_alias_set=
ac_cv_env_build_alias_value=
ac_cv_env_host_alias_set=
ac_cv_env_host_alias_value=
ac_cv_env_target_alias_set=
ac_cv_env_target_alias_value=
ac_cv_func_floor=no
ac_cv_func_gettimeofday=yes
ac_cv_func_pow=no
ac_cv_func_sqrt=no
ac_cv_header_fcntl_h=yes
ac_cv_header_inttypes_h=yes
ac_cv_header_memory_h=yes
ac_cv_header_stdbool_h=yes
ac_cv_header_stdc=yes
ac_cv_header_stdint_h=yes
ac_cv_header_stdlib_h=yes
ac_cv_header_string_h=yes
ac_cv_header_strings_h=yes
ac_cv_header_sys_stat_h=yes
ac_cv_header_sys_time_h=yes
ac_cv_header_sys_types_h=yes
ac_cv_header_unistd_h=yes
ac_cv_objext=o
ac_cv_path_EGREP='/bin/grep -E'
ac_cv_path_GREP=/bin/grep
ac_cv_path_install='/usr/bin/install -c'
ac_cv_path_mkdir=/bin/mkdir
ac_cv_prog_AWK=gawk
ac_cv_prog_CPP='gcc -E'
ac_cv_prog_ac_ct_CC=gcc
ac_cv_prog_ac_ct_CXX=g++
ac_cv_prog_ac_ct_RANLIB=ranlib
ac_cv_prog_cc_c89=
ac_cv_prog_cc_g=yes
ac_cv_prog_cxx_g=yes
ac_cv_prog_make_make_set=yes
ac_cv_type__Bool=yes
ac_cv_type_size_t=yes
am_cv_CC_dependencies_compiler_type=gcc3
am_cv_CXX_dependencies_compiler_type=gcc3

## ----------------- ##
## Output variables. ##
## ----------------- ##

ACLOCAL='${SHELL} /home/mitch/iris/missing --run aclocal-1.10'
AMDEPBACKSLASH='\'
AMDEP_FALSE='#'
AMDEP_TRUE=''
AMTAR='${SHELL} /home/mitch/iris/missing --run tar'
AUTOCONF='${SHELL} /home/mitch/iris/missing --run autoconf'
AUTOHEADER='${SHELL} /home/mitch/iris/missing --run autoheader'
AUTOMAKE='${SHELL} /home/mitch/iris/missing --run automake-1.10'
AWK='gawk'
CC='gcc'
CCDEPMODE='depmode=gcc3'
CFLAGS='-g -O2'
CPP='gcc -E'
CPPFLAGS=''
CXX='g++'
CXXDEPMODE='depmode=gcc3'
CXXFLAGS='-g -O2'
CYGPATH_W='echo'
DEFS='-DHAVE_CONFIG_H'
DEPDIR='.deps'
ECHO_C=''
ECHO_N='-n'
ECHO_T=''
EGREP='/bin/grep -E'
EXEEXT=''
GREP='/bin/grep'
INSTALL_DATA='${INSTALL} -m 644'
INSTALL_PROGRAM='${INSTALL}'
INSTALL_SCRIPT='${INSTALL}'
INSTALL_STRIP_PROGRAM='$(install_sh) -c -s'
LDFLAGS=''
LIBOBJS=''
LIBS=''
LTLIBOBJS=''
MAKEINFO='${SHELL} /home/mitch/iris/missing --run makeinfo'
OBJEXT='o'
PACKAGE='Iris'
PACKAGE_BUGREPORT='mitchelle dot rasquinha at gatech.edu'
PACKAGE_NAME='iris'
PACKAGE_STRING='iris 0.1'
PACKAGE_TARNAME='iris'
PACKAGE_VERSION='0.1'
PATH_SEPARATOR=':'
RANLIB='ranlib'
SET_MAKE=''
SHELL='/bin/bash'
STRIP=''
VERSION='1.0'
ac_ct_CC='gcc'
ac_ct_CXX='g++'
am__fastdepCC_FALSE='#'
am__fastdepCC_TRUE=''
am__fastdepCXX_FALSE='#'
am__fastdepCXX_TRUE=''
am__include='include'
am__isrc=''
am__leading_dot='.'
am__quote=''
am__tar='${AMTAR} chof - "$$tardir"'
am__untar='${AMTAR} xf -'
bindir='${exec_prefix}/bin'
build_alias=''
datadir='${datarootdir}'
datarootdir='${prefix}/share'
docdir='${datarootdir}/doc/${PACKAGE_TARNAME}'
dvidir='${docdir}'
exec_prefix='${prefix}'
host_alias=''
htmldir='${docdir}'
includedir='${prefix}/include'
infodir='${datarootdir}/info'
install_sh='$(SHELL) /home/mitch/iris/install-sh'
libdir='${exec_prefix}/lib'
libexecdir='${exec_prefix}/libexec'
localedir='${datarootdir}/locale'
localstatedir='${prefix}/var'
mandir='${datarootdir}/man'
mkdir_p='/bin/mkdir -p'
oldincludedir='/usr/include'
pdfdir='${docdir}'
prefix='/usr/local'
program_transform_name='s,x,x,'
psdir='${docdir}'
sbindir='${exec_prefix}/sbin'
sharedstatedir='${prefix}/com'
sysconfdir='${prefix}/etc'
target_alias=''

## ----------- ##
## confdefs.h. ##
## ----------- ##

#define PACKAGE_NAME "iris"
#define PACKAGE_TARNAME "iris"
#define PACKAGE_VERSION "0.1"
#define PACKAGE_STRING "iris 0.1"
#define PACKAGE_BUGREPORT "mitchelle dot rasquinha at gatech.edu"
#define STDC_HEADERS 1
#define HAVE_SYS_TYPES_H 1
#define HAVE_SYS_STAT_H 1
#define HAVE_STDLIB_H 1
#define HAVE_STRING_H 1
#define HAVE_MEMORY_H 1
#define HAVE_STRINGS_H 1
#define HAVE_INTTYPES_H 1
#define HAVE_STDINT_H 1
#define HAVE_UNISTD_H 1
#define HAVE_FCNTL_H 1
#define HAVE_STDLIB_H 1
#define HAVE_SYS_TIME_H 1
#define HAVE_UNISTD_H 1
#define HAVE__BOOL 1
#define HAVE_STDBOOL_H 1
#define HAVE_GETTIMEOFDAY 1

configure: exit 0

## ---------------------- ##
## Running config.status. ##
## ---------------------- ##

This file was extended by iris config.status 0.1, which was
generated by GNU Autoconf 2.61.  Invocation command line was

  CONFIG_FILES    = 
  CONFIG_HEADERS  = 
  CONFIG_LINKS    = 
  CONFIG_COMMANDS = 
  $ ./config.status Makefile depfiles

on scatter

config.status:642: creating Makefile
config.status:920: executing depfiles commands

## ---------------------- ##
## Running config.status. ##
## ---------------------- ##

This file was extended by iris config.status 0.1, which was
generated by GNU Autoconf 2.61.  Invocation command line was

  CONFIG_FILES    = 
  CONFIG_HEADERS  = 
  CONFIG_LINKS    = 
  CONFIG_COMMANDS = 
  $ ./config.status Makefile depfiles

on scatter

config.status:642: creating Makefile
config.status:920: executing depfiles commands

## ---------------------- ##
## Running config.status. ##
## ---------------------- ##

This file was extended by iris config.status 0.1, which was
generated by GNU Autoconf 2.61.  Invocation command line was

  CONFIG_FILES    = 
  CONFIG_HEADERS  = 
  CONFIG_LINKS    = 
  CONFIG_COMMANDS = 
  $ ./config.status Makefile depfiles

on scatter

config.status:642: creating Makefile
config.status:920: executing depfiles commands
